{
  "stats": {
    "suites": 1,
    "tests": 1,
    "passes": 1,
    "pending": 0,
    "failures": 0,
    "start": "2020-07-16T07:57:00.436Z",
    "end": "2020-07-16T07:57:14.202Z",
    "duration": 13766,
    "testsRegistered": 1,
    "passPercent": 100,
    "pendingPercent": 0,
    "other": 0,
    "hasOther": false,
    "skipped": 0,
    "hasSkipped": false
  },
  "results": [
    {
      "uuid": "134e9e7f-07fd-467a-a87d-4a6f96e58bf3",
      "title": "",
      "fullFile": "cypress\\integration\\loginTest.spec.js",
      "file": "cypress\\integration\\loginTest.spec.js",
      "beforeHooks": [],
      "afterHooks": [],
      "tests": [],
      "suites": [
        {
          "uuid": "8a9709c9-3290-44a7-b4c3-d4b9007d1d79",
          "title": "Login Functionality",
          "fullFile": "",
          "file": "",
          "beforeHooks": [],
          "afterHooks": [],
          "tests": [
            {
              "title": "Successfull Login Case",
              "fullTitle": "Login Functionality Successfull Login Case",
              "timedOut": null,
              "duration": 8347,
              "state": "passed",
              "speed": "slow",
              "pass": true,
              "fail": false,
              "pending": false,
              "context": null,
              "code": "cy.login({\n  email: 'admin',\n  password: 'admin123'\n});",
              "err": {},
              "uuid": "54f0cda5-641f-4e01-b56a-1a03b9aca336",
              "parentUUID": "8a9709c9-3290-44a7-b4c3-d4b9007d1d79",
              "isHook": false,
              "skipped": false
            }
          ],
          "suites": [],
          "passes": [
            "54f0cda5-641f-4e01-b56a-1a03b9aca336"
          ],
          "failures": [],
          "pending": [],
          "skipped": [],
          "duration": 8347,
          "root": false,
          "rootEmpty": false,
          "_timeout": 2000
        }
      ],
      "passes": [],
      "failures": [],
      "pending": [],
      "skipped": [],
      "duration": 0,
      "root": true,
      "rootEmpty": true,
      "_timeout": 2000
    }
  ],
  "meta": {
    "mocha": {
      "version": "7.0.1"
    },
    "mochawesome": {
      "options": {
        "quiet": false,
        "reportFilename": "mochawesome",
        "saveHtml": true,
        "saveJson": true,
        "consoleReporter": "spec",
        "useInlineDiffs": false,
        "code": true
      },
      "version": "6.1.1"
    },
    "marge": {
      "options": {
        "reportDir": "cypress/reports",
        "reportFileName": "report",
        "overwrite": false,
        "html": true,
        "json": true,
        "charts": true
      },
      "version": "5.1.0"
    }
  }
}