{
  "stats": {
    "suites": 1,
    "tests": 1,
    "passes": 1,
    "pending": 0,
    "failures": 0,
    "start": "2020-07-01T09:47:48.641Z",
    "end": "2020-07-01T09:48:02.508Z",
    "duration": 13867,
    "testsRegistered": 1,
    "passPercent": 100,
    "pendingPercent": 0,
    "other": 0,
    "hasOther": false,
    "skipped": 0,
    "hasSkipped": false
  },
  "results": [
    {
      "uuid": "53dcaf62-e2f6-4068-bf4c-d7ae0e04ff43",
      "title": "",
      "fullFile": "cypress\\integration\\logoutTest.spec.js",
      "file": "cypress\\integration\\logoutTest.spec.js",
      "beforeHooks": [],
      "afterHooks": [],
      "tests": [],
      "suites": [
        {
          "uuid": "5b6f4cd4-f360-4641-97cf-473d37600926",
          "title": "Login Functionality",
          "fullFile": "",
          "file": "",
          "beforeHooks": [],
          "afterHooks": [],
          "tests": [
            {
              "title": "Successfull Logout Case",
              "fullTitle": "Login Functionality Successfull Logout Case",
              "timedOut": null,
              "duration": 10056,
              "state": "passed",
              "speed": "slow",
              "pass": true,
              "fail": false,
              "pending": false,
              "context": null,
              "code": "cy.login({\n  email: 'admin',\n  password: 'admin123'\n});\nhome.clickOnWelcomeDropDown();\nhome.menuVisibleAssertion();\nhome.clickOnDropDownItem('Logout');\nlogin.loginPageAssertion();",
              "err": {},
              "uuid": "6c464de2-2be9-41c9-baf4-ed2af530b23f",
              "parentUUID": "5b6f4cd4-f360-4641-97cf-473d37600926",
              "isHook": false,
              "skipped": false
            }
          ],
          "suites": [],
          "passes": [
            "6c464de2-2be9-41c9-baf4-ed2af530b23f"
          ],
          "failures": [],
          "pending": [],
          "skipped": [],
          "duration": 10056,
          "root": false,
          "rootEmpty": false,
          "_timeout": 2000
        }
      ],
      "passes": [],
      "failures": [],
      "pending": [],
      "skipped": [],
      "duration": 0,
      "root": true,
      "rootEmpty": true,
      "_timeout": 2000
    }
  ],
  "meta": {
    "mocha": {
      "version": "7.0.1"
    },
    "mochawesome": {
      "options": {
        "quiet": false,
        "reportFilename": "mochawesome",
        "saveHtml": true,
        "saveJson": true,
        "consoleReporter": "spec",
        "useInlineDiffs": false,
        "code": true
      },
      "version": "6.1.1"
    },
    "marge": {
      "options": {
        "reportDir": "cypress/reports",
        "reportFileName": "report",
        "overwrite": false,
        "html": true,
        "json": true,
        "charts": true
      },
      "version": "5.1.0"
    }
  }
}